<?xml version="1.0" encoding="UTF-8"?>
<testsuite name="org.example.StudentTest" tests="12" skipped="0" failures="0" errors="0" timestamp="2023-04-14T20:14:02" hostname="BOBBY-OMEN" time="0.022">
  <properties/>
  <testcase name="getFemaleNameTest()" classname="org.example.StudentTest" time="0.013"/>
  <testcase name="replaceOddIdTest()" classname="org.example.StudentTest" time="0.001"/>
  <testcase name="getDefaultNameTest()" classname="org.example.StudentTest" time="0.0"/>
  <testcase name="getEvenIdTest()" classname="org.example.StudentTest" time="0.0"/>
  <testcase name="getIdFromEmptyDefaultObjectTest()" classname="org.example.StudentTest" time="0.001"/>
  <testcase name="replaceDefaultIdTest()" classname="org.example.StudentTest" time="0.0"/>
  <testcase name="replaceEvenIdTest()" classname="org.example.StudentTest" time="0.0"/>
  <testcase name="getOddIdTest()" classname="org.example.StudentTest" time="0.001"/>
  <testcase name="getMaleNameTest()" classname="org.example.StudentTest" time="0.0"/>
  <testcase name="setMaleNameTest()" classname="org.example.StudentTest" time="0.0"/>
  <testcase name="replaceDefaultNameTest()" classname="org.example.StudentTest" time="0.001"/>
  <testcase name="setFemaleNameTest()" classname="org.example.StudentTest" time="0.001"/>
  <system-out><![CDATA[]]></system-out>
  <system-err><![CDATA[]]></system-err>
</testsuite>
